Build output check failed:
    Regex: 'command[- ]line option .* is valid for .* but not for C'
    Output line: 'cc1: warning: command line option ‘-Wnon-virtual-dtor’ is valid for C++/ObjC++ but not for C'
Compilation failed:
    source file: '/home/mantaray/AUV/simulation/image_capture/build/CMakeFiles/CMakeTmp/src.c'
    check option: ' -fsigned-char -W -Wall -Wreturn-type  -Wnon-virtual-dtor'
===== BUILD LOG =====
Change Dir: /home/mantaray/AUV/simulation/image_capture/build/CMakeFiles/CMakeTmp

Run Build Command:"/usr/bin/make" "cmTC_8af4c/fast"
/usr/bin/make -f CMakeFiles/cmTC_8af4c.dir/build.make CMakeFiles/cmTC_8af4c.dir/build
make[1]: Entering directory '/home/mantaray/AUV/simulation/image_capture/build/CMakeFiles/CMakeTmp'
Building C object CMakeFiles/cmTC_8af4c.dir/src.c.o
/usr/bin/cc   -O3 -DNDEBUG -fPIE   -fsigned-char -W -Wall -Wreturn-type -Wnon-virtual-dtor -o CMakeFiles/cmTC_8af4c.dir/src.c.o   -c /home/mantaray/AUV/simulation/image_capture/build/CMakeFiles/CMakeTmp/src.c
cc1: warning: command line option ‘-Wnon-virtual-dtor’ is valid for C++/ObjC++ but not for C
/home/mantaray/AUV/simulation/image_capture/build/CMakeFiles/CMakeTmp/src.c:1:0: warning: ignoring #pragma   [-Wunknown-pragmas]
 #pragma
 
Linking C executable cmTC_8af4c
/usr/bin/cmake -E cmake_link_script CMakeFiles/cmTC_8af4c.dir/link.txt --verbose=1
/usr/bin/cc   -O3 -DNDEBUG    CMakeFiles/cmTC_8af4c.dir/src.c.o  -o cmTC_8af4c 
make[1]: Leaving directory '/home/mantaray/AUV/simulation/image_capture/build/CMakeFiles/CMakeTmp'

===== END =====

Build output check failed:
    Regex: 'command[- ]line option .* is valid for .* but not for C\+\+'
    Output line: 'cc1plus: warning: command line option ‘-Wmissing-prototypes’ is valid for C/ObjC but not for C++'
Compilation failed:
    source file: '/home/mantaray/AUV/simulation/image_capture/build/CMakeFiles/CMakeTmp/src.cxx'
    check option: ' -fsigned-char -W -Wall -Wreturn-type -Wnon-virtual-dtor -Waddress -Wsequence-point -Wformat -Wformat-security -Wmissing-declarations  -Wmissing-prototypes'
===== BUILD LOG =====
Change Dir: /home/mantaray/AUV/simulation/image_capture/build/CMakeFiles/CMakeTmp

Run Build Command:"/usr/bin/make" "cmTC_79688/fast"
/usr/bin/make -f CMakeFiles/cmTC_79688.dir/build.make CMakeFiles/cmTC_79688.dir/build
make[1]: Entering directory '/home/mantaray/AUV/simulation/image_capture/build/CMakeFiles/CMakeTmp'
Building CXX object CMakeFiles/cmTC_79688.dir/src.cxx.o
/usr/bin/c++    -O3 -DNDEBUG -fPIE   -fsigned-char -W -Wall -Wreturn-type -Wnon-virtual-dtor -Waddress -Wsequence-point -Wformat -Wformat-security -Wmissing-declarations -Wmissing-prototypes -std=c++11 -o CMakeFiles/cmTC_79688.dir/src.cxx.o -c /home/mantaray/AUV/simulation/image_capture/build/CMakeFiles/CMakeTmp/src.cxx
cc1plus: warning: command line option ‘-Wmissing-prototypes’ is valid for C/ObjC but not for C++
/home/mantaray/AUV/simulation/image_capture/build/CMakeFiles/CMakeTmp/src.cxx:1:0: warning: ignoring #pragma   [-Wunknown-pragmas]
 #pragma
 
Linking CXX executable cmTC_79688
/usr/bin/cmake -E cmake_link_script CMakeFiles/cmTC_79688.dir/link.txt --verbose=1
/usr/bin/c++    -O3 -DNDEBUG    CMakeFiles/cmTC_79688.dir/src.cxx.o  -o cmTC_79688 
make[1]: Leaving directory '/home/mantaray/AUV/simulation/image_capture/build/CMakeFiles/CMakeTmp'

===== END =====

Build output check failed:
    Regex: 'command[- ]line option .* is valid for .* but not for C\+\+'
    Output line: 'cc1plus: warning: command line option ‘-Wstrict-prototypes’ is valid for C/ObjC but not for C++'
Compilation failed:
    source file: '/home/mantaray/AUV/simulation/image_capture/build/CMakeFiles/CMakeTmp/src.cxx'
    check option: ' -fsigned-char -W -Wall -Wreturn-type -Wnon-virtual-dtor -Waddress -Wsequence-point -Wformat -Wformat-security -Wmissing-declarations  -Wstrict-prototypes'
===== BUILD LOG =====
Change Dir: /home/mantaray/AUV/simulation/image_capture/build/CMakeFiles/CMakeTmp

Run Build Command:"/usr/bin/make" "cmTC_6dc73/fast"
/usr/bin/make -f CMakeFiles/cmTC_6dc73.dir/build.make CMakeFiles/cmTC_6dc73.dir/build
make[1]: Entering directory '/home/mantaray/AUV/simulation/image_capture/build/CMakeFiles/CMakeTmp'
Building CXX object CMakeFiles/cmTC_6dc73.dir/src.cxx.o
/usr/bin/c++    -O3 -DNDEBUG -fPIE   -fsigned-char -W -Wall -Wreturn-type -Wnon-virtual-dtor -Waddress -Wsequence-point -Wformat -Wformat-security -Wmissing-declarations -Wstrict-prototypes -std=c++11 -o CMakeFiles/cmTC_6dc73.dir/src.cxx.o -c /home/mantaray/AUV/simulation/image_capture/build/CMakeFiles/CMakeTmp/src.cxx
cc1plus: warning: command line option ‘-Wstrict-prototypes’ is valid for C/ObjC but not for C++
/home/mantaray/AUV/simulation/image_capture/build/CMakeFiles/CMakeTmp/src.cxx:1:0: warning: ignoring #pragma   [-Wunknown-pragmas]
 #pragma
 
Linking CXX executable cmTC_6dc73
/usr/bin/cmake -E cmake_link_script CMakeFiles/cmTC_6dc73.dir/link.txt --verbose=1
/usr/bin/c++    -O3 -DNDEBUG    CMakeFiles/cmTC_6dc73.dir/src.cxx.o  -o cmTC_6dc73 
make[1]: Leaving directory '/home/mantaray/AUV/simulation/image_capture/build/CMakeFiles/CMakeTmp'

===== END =====

Build output check failed:
    Regex: 'command[- ]line option .* is valid for .* but not for C'
    Output line: 'cc1: warning: command line option ‘-Wsign-promo’ is valid for C++/ObjC++ but not for C'
Compilation failed:
    source file: '/home/mantaray/AUV/simulation/image_capture/build/CMakeFiles/CMakeTmp/src.c'
    check option: ' -fsigned-char -W -Wall -Wreturn-type -Waddress -Wsequence-point -Wformat -Wformat-security -Wmissing-declarations -Wmissing-prototypes -Wstrict-prototypes -Wundef -Winit-self -Wpointer-arith -Wshadow  -Wsign-promo'
===== BUILD LOG =====
Change Dir: /home/mantaray/AUV/simulation/image_capture/build/CMakeFiles/CMakeTmp

Run Build Command:"/usr/bin/make" "cmTC_5ed74/fast"
/usr/bin/make -f CMakeFiles/cmTC_5ed74.dir/build.make CMakeFiles/cmTC_5ed74.dir/build
make[1]: Entering directory '/home/mantaray/AUV/simulation/image_capture/build/CMakeFiles/CMakeTmp'
Building C object CMakeFiles/cmTC_5ed74.dir/src.c.o
/usr/bin/cc   -O3 -DNDEBUG -fPIE   -fsigned-char -W -Wall -Wreturn-type -Waddress -Wsequence-point -Wformat -Wformat-security -Wmissing-declarations -Wmissing-prototypes -Wstrict-prototypes -Wundef -Winit-self -Wpointer-arith -Wshadow -Wsign-promo -o CMakeFiles/cmTC_5ed74.dir/src.c.o   -c /home/mantaray/AUV/simulation/image_capture/build/CMakeFiles/CMakeTmp/src.c
cc1: warning: command line option ‘-Wsign-promo’ is valid for C++/ObjC++ but not for C
/home/mantaray/AUV/simulation/image_capture/build/CMakeFiles/CMakeTmp/src.c:1:0: warning: ignoring #pragma   [-Wunknown-pragmas]
 #pragma
 
Linking C executable cmTC_5ed74
/usr/bin/cmake -E cmake_link_script CMakeFiles/cmTC_5ed74.dir/link.txt --verbose=1
/usr/bin/cc   -O3 -DNDEBUG    CMakeFiles/cmTC_5ed74.dir/src.c.o  -o cmTC_5ed74 
make[1]: Leaving directory '/home/mantaray/AUV/simulation/image_capture/build/CMakeFiles/CMakeTmp'

===== END =====

Build output check failed:
    Regex: 'command[- ]line option .* is valid for .* but not for C'
    Output line: 'cc1: warning: command line option ‘-Wsuggest-override’ is valid for C++/ObjC++ but not for C'
Compilation failed:
    source file: '/home/mantaray/AUV/simulation/image_capture/build/CMakeFiles/CMakeTmp/src.c'
    check option: ' -fsigned-char -W -Wall -Wreturn-type -Waddress -Wsequence-point -Wformat -Wformat-security -Wmissing-declarations -Wmissing-prototypes -Wstrict-prototypes -Wundef -Winit-self -Wpointer-arith -Wshadow -Wuninitialized  -Wsuggest-override'
===== BUILD LOG =====
Change Dir: /home/mantaray/AUV/simulation/image_capture/build/CMakeFiles/CMakeTmp

Run Build Command:"/usr/bin/make" "cmTC_21f77/fast"
/usr/bin/make -f CMakeFiles/cmTC_21f77.dir/build.make CMakeFiles/cmTC_21f77.dir/build
make[1]: Entering directory '/home/mantaray/AUV/simulation/image_capture/build/CMakeFiles/CMakeTmp'
Building C object CMakeFiles/cmTC_21f77.dir/src.c.o
/usr/bin/cc   -O3 -DNDEBUG -fPIE   -fsigned-char -W -Wall -Wreturn-type -Waddress -Wsequence-point -Wformat -Wformat-security -Wmissing-declarations -Wmissing-prototypes -Wstrict-prototypes -Wundef -Winit-self -Wpointer-arith -Wshadow -Wuninitialized -Wsuggest-override -o CMakeFiles/cmTC_21f77.dir/src.c.o   -c /home/mantaray/AUV/simulation/image_capture/build/CMakeFiles/CMakeTmp/src.c
cc1: warning: command line option ‘-Wsuggest-override’ is valid for C++/ObjC++ but not for C
/home/mantaray/AUV/simulation/image_capture/build/CMakeFiles/CMakeTmp/src.c:1:0: warning: ignoring #pragma   [-Wunknown-pragmas]
 #pragma
 
Linking C executable cmTC_21f77
/usr/bin/cmake -E cmake_link_script CMakeFiles/cmTC_21f77.dir/link.txt --verbose=1
/usr/bin/cc   -O3 -DNDEBUG    CMakeFiles/cmTC_21f77.dir/src.c.o  -o cmTC_21f77 
make[1]: Leaving directory '/home/mantaray/AUV/simulation/image_capture/build/CMakeFiles/CMakeTmp'

===== END =====

Build output check failed:
    Regex: 'command[- ]line option .* is valid for .* but not for C'
    Output line: 'cc1: warning: command line option ‘-Wno-delete-non-virtual-dtor’ is valid for C++/ObjC++ but not for C'
Compilation failed:
    source file: '/home/mantaray/AUV/simulation/image_capture/build/CMakeFiles/CMakeTmp/src.c'
    check option: ' -fsigned-char -W -Wall -Wreturn-type -Waddress -Wsequence-point -Wformat -Wformat-security -Wmissing-declarations -Wmissing-prototypes -Wstrict-prototypes -Wundef -Winit-self -Wpointer-arith -Wshadow -Wuninitialized  -Wno-delete-non-virtual-dtor'
===== BUILD LOG =====
Change Dir: /home/mantaray/AUV/simulation/image_capture/build/CMakeFiles/CMakeTmp

Run Build Command:"/usr/bin/make" "cmTC_e4f45/fast"
/usr/bin/make -f CMakeFiles/cmTC_e4f45.dir/build.make CMakeFiles/cmTC_e4f45.dir/build
make[1]: Entering directory '/home/mantaray/AUV/simulation/image_capture/build/CMakeFiles/CMakeTmp'
Building C object CMakeFiles/cmTC_e4f45.dir/src.c.o
/usr/bin/cc   -O3 -DNDEBUG -fPIE   -fsigned-char -W -Wall -Wreturn-type -Waddress -Wsequence-point -Wformat -Wformat-security -Wmissing-declarations -Wmissing-prototypes -Wstrict-prototypes -Wundef -Winit-self -Wpointer-arith -Wshadow -Wuninitialized -Wno-delete-non-virtual-dtor -o CMakeFiles/cmTC_e4f45.dir/src.c.o   -c /home/mantaray/AUV/simulation/image_capture/build/CMakeFiles/CMakeTmp/src.c
cc1: warning: command line option ‘-Wno-delete-non-virtual-dtor’ is valid for C++/ObjC++ but not for C
/home/mantaray/AUV/simulation/image_capture/build/CMakeFiles/CMakeTmp/src.c:1:0: warning: ignoring #pragma   [-Wunknown-pragmas]
 #pragma
 
Linking C executable cmTC_e4f45
/usr/bin/cmake -E cmake_link_script CMakeFiles/cmTC_e4f45.dir/link.txt --verbose=1
/usr/bin/cc   -O3 -DNDEBUG    CMakeFiles/cmTC_e4f45.dir/src.c.o  -o cmTC_e4f45 
make[1]: Leaving directory '/home/mantaray/AUV/simulation/image_capture/build/CMakeFiles/CMakeTmp'

===== END =====

Build output check failed:
    Regex: 'unrecognized .*option'
    Output line: 'cc1plus: warning: unrecognized command line option ‘-Wno-unnamed-type-template-args’'
Compilation failed:
    source file: '/home/mantaray/AUV/simulation/image_capture/build/CMakeFiles/CMakeTmp/src.cxx'
    check option: ' -fsigned-char -W -Wall -Wreturn-type -Wnon-virtual-dtor -Waddress -Wsequence-point -Wformat -Wformat-security -Wmissing-declarations -Wundef -Winit-self -Wpointer-arith -Wshadow -Wsign-promo -Wuninitialized -Wsuggest-override -Wno-delete-non-virtual-dtor  -Wno-unnamed-type-template-args'
===== BUILD LOG =====
Change Dir: /home/mantaray/AUV/simulation/image_capture/build/CMakeFiles/CMakeTmp

Run Build Command:"/usr/bin/make" "cmTC_87487/fast"
/usr/bin/make -f CMakeFiles/cmTC_87487.dir/build.make CMakeFiles/cmTC_87487.dir/build
make[1]: Entering directory '/home/mantaray/AUV/simulation/image_capture/build/CMakeFiles/CMakeTmp'
Building CXX object CMakeFiles/cmTC_87487.dir/src.cxx.o
/usr/bin/c++    -O3 -DNDEBUG -fPIE   -fsigned-char -W -Wall -Wreturn-type -Wnon-virtual-dtor -Waddress -Wsequence-point -Wformat -Wformat-security -Wmissing-declarations -Wundef -Winit-self -Wpointer-arith -Wshadow -Wsign-promo -Wuninitialized -Wsuggest-override -Wno-delete-non-virtual-dtor -Wno-unnamed-type-template-args -std=c++11 -o CMakeFiles/cmTC_87487.dir/src.cxx.o -c /home/mantaray/AUV/simulation/image_capture/build/CMakeFiles/CMakeTmp/src.cxx
/home/mantaray/AUV/simulation/image_capture/build/CMakeFiles/CMakeTmp/src.cxx:1:0: warning: ignoring #pragma   [-Wunknown-pragmas]
 #pragma
 
cc1plus: warning: unrecognized command line option ‘-Wno-unnamed-type-template-args’
Linking CXX executable cmTC_87487
/usr/bin/cmake -E cmake_link_script CMakeFiles/cmTC_87487.dir/link.txt --verbose=1
/usr/bin/c++    -O3 -DNDEBUG    CMakeFiles/cmTC_87487.dir/src.cxx.o  -o cmTC_87487 
make[1]: Leaving directory '/home/mantaray/AUV/simulation/image_capture/build/CMakeFiles/CMakeTmp'

===== END =====

Build output check failed:
    Regex: 'unrecognized .*option'
    Output line: 'cc1: warning: unrecognized command line option ‘-Wno-unnamed-type-template-args’'
Compilation failed:
    source file: '/home/mantaray/AUV/simulation/image_capture/build/CMakeFiles/CMakeTmp/src.c'
    check option: ' -fsigned-char -W -Wall -Wreturn-type -Waddress -Wsequence-point -Wformat -Wformat-security -Wmissing-declarations -Wmissing-prototypes -Wstrict-prototypes -Wundef -Winit-self -Wpointer-arith -Wshadow -Wuninitialized  -Wno-unnamed-type-template-args'
===== BUILD LOG =====
Change Dir: /home/mantaray/AUV/simulation/image_capture/build/CMakeFiles/CMakeTmp

Run Build Command:"/usr/bin/make" "cmTC_1c960/fast"
/usr/bin/make -f CMakeFiles/cmTC_1c960.dir/build.make CMakeFiles/cmTC_1c960.dir/build
make[1]: Entering directory '/home/mantaray/AUV/simulation/image_capture/build/CMakeFiles/CMakeTmp'
Building C object CMakeFiles/cmTC_1c960.dir/src.c.o
/usr/bin/cc   -O3 -DNDEBUG -fPIE   -fsigned-char -W -Wall -Wreturn-type -Waddress -Wsequence-point -Wformat -Wformat-security -Wmissing-declarations -Wmissing-prototypes -Wstrict-prototypes -Wundef -Winit-self -Wpointer-arith -Wshadow -Wuninitialized -Wno-unnamed-type-template-args -o CMakeFiles/cmTC_1c960.dir/src.c.o   -c /home/mantaray/AUV/simulation/image_capture/build/CMakeFiles/CMakeTmp/src.c
/home/mantaray/AUV/simulation/image_capture/build/CMakeFiles/CMakeTmp/src.c:1:0: warning: ignoring #pragma   [-Wunknown-pragmas]
 #pragma
 
cc1: warning: unrecognized command line option ‘-Wno-unnamed-type-template-args’
Linking C executable cmTC_1c960
/usr/bin/cmake -E cmake_link_script CMakeFiles/cmTC_1c960.dir/link.txt --verbose=1
/usr/bin/cc   -O3 -DNDEBUG    CMakeFiles/cmTC_1c960.dir/src.c.o  -o cmTC_1c960 
make[1]: Leaving directory '/home/mantaray/AUV/simulation/image_capture/build/CMakeFiles/CMakeTmp'

===== END =====

Build output check failed:
    Regex: 'command[- ]line option .* is valid for .* but not for C'
    Output line: 'cc1: warning: command line option ‘-fvisibility-inlines-hidden’ is valid for C++/ObjC++ but not for C'
Compilation failed:
    source file: '/home/mantaray/AUV/simulation/image_capture/build/CMakeFiles/CMakeTmp/src.c'
    check option: ' -fsigned-char -W -Wall -Wreturn-type -Waddress -Wsequence-point -Wformat -Wformat-security -Wmissing-declarations -Wmissing-prototypes -Wstrict-prototypes -Wundef -Winit-self -Wpointer-arith -Wshadow -Wuninitialized -Wno-comment -Wimplicit-fallthrough=3 -Wno-strict-overflow -fdiagnostics-show-option -Wno-long-long -pthread -fomit-frame-pointer -ffunction-sections -fdata-sections  -msse -msse2 -msse3 -fvisibility=hidden  -fvisibility-inlines-hidden'
===== BUILD LOG =====
Change Dir: /home/mantaray/AUV/simulation/image_capture/build/CMakeFiles/CMakeTmp

Run Build Command:"/usr/bin/make" "cmTC_c5dfb/fast"
/usr/bin/make -f CMakeFiles/cmTC_c5dfb.dir/build.make CMakeFiles/cmTC_c5dfb.dir/build
make[1]: Entering directory '/home/mantaray/AUV/simulation/image_capture/build/CMakeFiles/CMakeTmp'
Building C object CMakeFiles/cmTC_c5dfb.dir/src.c.o
/usr/bin/cc   -O3 -DNDEBUG -fPIE   -fsigned-char -W -Wall -Wreturn-type -Waddress -Wsequence-point -Wformat -Wformat-security -Wmissing-declarations -Wmissing-prototypes -Wstrict-prototypes -Wundef -Winit-self -Wpointer-arith -Wshadow -Wuninitialized -Wno-comment -Wimplicit-fallthrough=3 -Wno-strict-overflow -fdiagnostics-show-option -Wno-long-long -pthread -fomit-frame-pointer -ffunction-sections -fdata-sections -msse -msse2 -msse3 -fvisibility=hidden -fvisibility-inlines-hidden -o CMakeFiles/cmTC_c5dfb.dir/src.c.o   -c /home/mantaray/AUV/simulation/image_capture/build/CMakeFiles/CMakeTmp/src.c
cc1: warning: command line option ‘-fvisibility-inlines-hidden’ is valid for C++/ObjC++ but not for C
/home/mantaray/AUV/simulation/image_capture/build/CMakeFiles/CMakeTmp/src.c:1:0: warning: ignoring #pragma   [-Wunknown-pragmas]
 #pragma
 
Linking C executable cmTC_c5dfb
/usr/bin/cmake -E cmake_link_script CMakeFiles/cmTC_c5dfb.dir/link.txt --verbose=1
/usr/bin/cc   -O3 -DNDEBUG    CMakeFiles/cmTC_c5dfb.dir/src.c.o  -o cmTC_c5dfb 
make[1]: Leaving directory '/home/mantaray/AUV/simulation/image_capture/build/CMakeFiles/CMakeTmp'

===== END =====

Build output check failed:
    Regex: 'command[- ]line option .* is valid for .* but not for C\+\+'
    Output line: 'cc1plus: warning: command line option ‘-Wno-missing-prototypes’ is valid for C/ObjC but not for C++'
Compilation failed:
    source file: '/home/mantaray/AUV/simulation/image_capture/build/CMakeFiles/CMakeTmp/src.cxx'
    check option: ' -Wno-missing-prototypes'
===== BUILD LOG =====
Change Dir: /home/mantaray/AUV/simulation/image_capture/build/CMakeFiles/CMakeTmp

Run Build Command:"/usr/bin/make" "cmTC_851de/fast"
/usr/bin/make -f CMakeFiles/cmTC_851de.dir/build.make CMakeFiles/cmTC_851de.dir/build
make[1]: Entering directory '/home/mantaray/AUV/simulation/image_capture/build/CMakeFiles/CMakeTmp'
Building CXX object CMakeFiles/cmTC_851de.dir/src.cxx.o
/usr/bin/c++    -fsigned-char -W -Wall -Wreturn-type -Wnon-virtual-dtor -Waddress -Wsequence-point -Wformat -Wformat-security -Wmissing-declarations -Wundef -Winit-self -Wpointer-arith -Wshadow -Wsign-promo -Wuninitialized -Wsuggest-override -Wno-delete-non-virtual-dtor -Wno-comment -Wimplicit-fallthrough=3 -Wno-strict-overflow -fdiagnostics-show-option -Wno-long-long -pthread -fomit-frame-pointer -ffunction-sections -fdata-sections  -msse -msse2 -msse3 -fvisibility=hidden -fvisibility-inlines-hidden -Wno-deprecated  -O3 -DNDEBUG  -DNDEBUG -fPIE   -Wno-missing-prototypes -std=c++11 -o CMakeFiles/cmTC_851de.dir/src.cxx.o -c /home/mantaray/AUV/simulation/image_capture/build/CMakeFiles/CMakeTmp/src.cxx
cc1plus: warning: command line option ‘-Wno-missing-prototypes’ is valid for C/ObjC but not for C++
/home/mantaray/AUV/simulation/image_capture/build/CMakeFiles/CMakeTmp/src.cxx:1:0: warning: ignoring #pragma   [-Wunknown-pragmas]
 #pragma
 
Linking CXX executable cmTC_851de
/usr/bin/cmake -E cmake_link_script CMakeFiles/cmTC_851de.dir/link.txt --verbose=1
/usr/bin/c++     -fsigned-char -W -Wall -Wreturn-type -Wnon-virtual-dtor -Waddress -Wsequence-point -Wformat -Wformat-security -Wmissing-declarations -Wundef -Winit-self -Wpointer-arith -Wshadow -Wsign-promo -Wuninitialized -Wsuggest-override -Wno-delete-non-virtual-dtor -Wno-comment -Wimplicit-fallthrough=3 -Wno-strict-overflow -fdiagnostics-show-option -Wno-long-long -pthread -fomit-frame-pointer -ffunction-sections -fdata-sections  -msse -msse2 -msse3 -fvisibility=hidden -fvisibility-inlines-hidden -Wno-deprecated  -O3 -DNDEBUG  -DNDEBUG    -Wl,--gc-sections -Wl,--as-needed -Wl,--no-undefined  CMakeFiles/cmTC_851de.dir/src.cxx.o  -o cmTC_851de 
make[1]: Leaving directory '/home/mantaray/AUV/simulation/image_capture/build/CMakeFiles/CMakeTmp'

===== END =====

Build output check failed:
    Regex: 'unrecognized .*option'
    Output line: 'cc1plus: warning: unrecognized command line option ‘-Wno-tautological-undefined-compare’'
Compilation failed:
    source file: '/home/mantaray/AUV/simulation/image_capture/build/CMakeFiles/CMakeTmp/src.cxx'
    check option: ' -Wno-tautological-undefined-compare'
===== BUILD LOG =====
Change Dir: /home/mantaray/AUV/simulation/image_capture/build/CMakeFiles/CMakeTmp

Run Build Command:"/usr/bin/make" "cmTC_75117/fast"
/usr/bin/make -f CMakeFiles/cmTC_75117.dir/build.make CMakeFiles/cmTC_75117.dir/build
make[1]: Entering directory '/home/mantaray/AUV/simulation/image_capture/build/CMakeFiles/CMakeTmp'
Building CXX object CMakeFiles/cmTC_75117.dir/src.cxx.o
/usr/bin/c++    -fsigned-char -W -Wall -Wreturn-type -Wnon-virtual-dtor -Waddress -Wsequence-point -Wformat -Wformat-security -Winit-self -Wpointer-arith -Wuninitialized -Wsuggest-override -Wno-delete-non-virtual-dtor -Wno-comment -Wimplicit-fallthrough=3 -Wno-strict-overflow -fdiagnostics-show-option -Wno-long-long -pthread -fomit-frame-pointer -ffunction-sections -fdata-sections  -msse -msse2 -msse3 -fvisibility=hidden -fvisibility-inlines-hidden -Wno-deprecated -Wno-missing-declarations -Wno-shadow -Wno-unused-parameter -Wno-unused-local-typedefs -Wno-sign-compare -Wno-sign-promo -Wno-undef  -O3 -DNDEBUG  -DNDEBUG -fPIE   -Wno-tautological-undefined-compare -std=c++11 -o CMakeFiles/cmTC_75117.dir/src.cxx.o -c /home/mantaray/AUV/simulation/image_capture/build/CMakeFiles/CMakeTmp/src.cxx
/home/mantaray/AUV/simulation/image_capture/build/CMakeFiles/CMakeTmp/src.cxx:1:0: warning: ignoring #pragma   [-Wunknown-pragmas]
 #pragma
 
cc1plus: warning: unrecognized command line option ‘-Wno-tautological-undefined-compare’
Linking CXX executable cmTC_75117
/usr/bin/cmake -E cmake_link_script CMakeFiles/cmTC_75117.dir/link.txt --verbose=1
/usr/bin/c++     -fsigned-char -W -Wall -Wreturn-type -Wnon-virtual-dtor -Waddress -Wsequence-point -Wformat -Wformat-security -Winit-self -Wpointer-arith -Wuninitialized -Wsuggest-override -Wno-delete-non-virtual-dtor -Wno-comment -Wimplicit-fallthrough=3 -Wno-strict-overflow -fdiagnostics-show-option -Wno-long-long -pthread -fomit-frame-pointer -ffunction-sections -fdata-sections  -msse -msse2 -msse3 -fvisibility=hidden -fvisibility-inlines-hidden -Wno-deprecated -Wno-missing-declarations -Wno-shadow -Wno-unused-parameter -Wno-unused-local-typedefs -Wno-sign-compare -Wno-sign-promo -Wno-undef  -O3 -DNDEBUG  -DNDEBUG    -Wl,--gc-sections -Wl,--as-needed -Wl,--no-undefined  CMakeFiles/cmTC_75117.dir/src.cxx.o  -o cmTC_75117 
make[1]: Leaving directory '/home/mantaray/AUV/simulation/image_capture/build/CMakeFiles/CMakeTmp'

===== END =====

Build output check failed:
    Regex: 'unrecognized .*option'
    Output line: 'cc1plus: warning: unrecognized command line option ‘-Wno-shorten-64-to-32’'
Compilation failed:
    source file: '/home/mantaray/AUV/simulation/image_capture/build/CMakeFiles/CMakeTmp/src.cxx'
    check option: ' -Wno-shorten-64-to-32'
===== BUILD LOG =====
Change Dir: /home/mantaray/AUV/simulation/image_capture/build/CMakeFiles/CMakeTmp

Run Build Command:"/usr/bin/make" "cmTC_8634b/fast"
/usr/bin/make -f CMakeFiles/cmTC_8634b.dir/build.make CMakeFiles/cmTC_8634b.dir/build
make[1]: Entering directory '/home/mantaray/AUV/simulation/image_capture/build/CMakeFiles/CMakeTmp'
Building CXX object CMakeFiles/cmTC_8634b.dir/src.cxx.o
/usr/bin/c++    -fsigned-char -W -Wall -Wreturn-type -Wnon-virtual-dtor -Waddress -Wsequence-point -Wformat -Wformat-security -Winit-self -Wpointer-arith -Wuninitialized -Wsuggest-override -Wno-delete-non-virtual-dtor -Wno-comment -Wimplicit-fallthrough=3 -Wno-strict-overflow -fdiagnostics-show-option -Wno-long-long -pthread -fomit-frame-pointer -ffunction-sections -fdata-sections  -msse -msse2 -msse3 -fvisibility=hidden -fvisibility-inlines-hidden -Wno-deprecated -Wno-missing-declarations -Wno-shadow -Wno-unused-parameter -Wno-unused-local-typedefs -Wno-sign-compare -Wno-sign-promo -Wno-undef -Wno-ignored-qualifiers -Wno-extra -Wno-unused-function -Wno-unused-const-variable  -O3 -DNDEBUG  -DNDEBUG -fPIE   -Wno-shorten-64-to-32 -std=c++11 -o CMakeFiles/cmTC_8634b.dir/src.cxx.o -c /home/mantaray/AUV/simulation/image_capture/build/CMakeFiles/CMakeTmp/src.cxx
/home/mantaray/AUV/simulation/image_capture/build/CMakeFiles/CMakeTmp/src.cxx:1:0: warning: ignoring #pragma   [-Wunknown-pragmas]
 #pragma
 
cc1plus: warning: unrecognized command line option ‘-Wno-shorten-64-to-32’
Linking CXX executable cmTC_8634b
/usr/bin/cmake -E cmake_link_script CMakeFiles/cmTC_8634b.dir/link.txt --verbose=1
/usr/bin/c++     -fsigned-char -W -Wall -Wreturn-type -Wnon-virtual-dtor -Waddress -Wsequence-point -Wformat -Wformat-security -Winit-self -Wpointer-arith -Wuninitialized -Wsuggest-override -Wno-delete-non-virtual-dtor -Wno-comment -Wimplicit-fallthrough=3 -Wno-strict-overflow -fdiagnostics-show-option -Wno-long-long -pthread -fomit-frame-pointer -ffunction-sections -fdata-sections  -msse -msse2 -msse3 -fvisibility=hidden -fvisibility-inlines-hidden -Wno-deprecated -Wno-missing-declarations -Wno-shadow -Wno-unused-parameter -Wno-unused-local-typedefs -Wno-sign-compare -Wno-sign-promo -Wno-undef -Wno-ignored-qualifiers -Wno-extra -Wno-unused-function -Wno-unused-const-variable  -O3 -DNDEBUG  -DNDEBUG    -Wl,--gc-sections -Wl,--as-needed -Wl,--no-undefined  CMakeFiles/cmTC_8634b.dir/src.cxx.o  -o cmTC_8634b 
make[1]: Leaving directory '/home/mantaray/AUV/simulation/image_capture/build/CMakeFiles/CMakeTmp'

===== END =====

Build output check failed:
    Regex: 'unrecognized .*option'
    Output line: 'cc1plus: warning: unrecognized command line option ‘-Wno-enum-compare-switch’'
Compilation failed:
    source file: '/home/mantaray/AUV/simulation/image_capture/build/CMakeFiles/CMakeTmp/src.cxx'
    check option: ' -Wno-enum-compare-switch'
===== BUILD LOG =====
Change Dir: /home/mantaray/AUV/simulation/image_capture/build/CMakeFiles/CMakeTmp

Run Build Command:"/usr/bin/make" "cmTC_6f6f7/fast"
/usr/bin/make -f CMakeFiles/cmTC_6f6f7.dir/build.make CMakeFiles/cmTC_6f6f7.dir/build
make[1]: Entering directory '/home/mantaray/AUV/simulation/image_capture/build/CMakeFiles/CMakeTmp'
Building CXX object CMakeFiles/cmTC_6f6f7.dir/src.cxx.o
/usr/bin/c++    -fsigned-char -W -Wall -Wreturn-type -Wnon-virtual-dtor -Waddress -Wsequence-point -Wformat -Wformat-security -Winit-self -Wpointer-arith -Wuninitialized -Wsuggest-override -Wno-delete-non-virtual-dtor -Wno-comment -Wimplicit-fallthrough=3 -Wno-strict-overflow -fdiagnostics-show-option -Wno-long-long -pthread -fomit-frame-pointer -ffunction-sections -fdata-sections  -msse -msse2 -msse3 -fvisibility=hidden -fvisibility-inlines-hidden -Wno-deprecated -Wno-missing-declarations -Wno-shadow -Wno-unused-parameter -Wno-unused-local-typedefs -Wno-sign-compare -Wno-sign-promo -Wno-undef -Wno-ignored-qualifiers -Wno-extra -Wno-unused-function -Wno-unused-const-variable -Wno-invalid-offsetof  -O3 -DNDEBUG  -DNDEBUG -fPIE   -Wno-enum-compare-switch -std=c++11 -o CMakeFiles/cmTC_6f6f7.dir/src.cxx.o -c /home/mantaray/AUV/simulation/image_capture/build/CMakeFiles/CMakeTmp/src.cxx
/home/mantaray/AUV/simulation/image_capture/build/CMakeFiles/CMakeTmp/src.cxx:1:0: warning: ignoring #pragma   [-Wunknown-pragmas]
 #pragma
 
cc1plus: warning: unrecognized command line option ‘-Wno-enum-compare-switch’
Linking CXX executable cmTC_6f6f7
/usr/bin/cmake -E cmake_link_script CMakeFiles/cmTC_6f6f7.dir/link.txt --verbose=1
/usr/bin/c++     -fsigned-char -W -Wall -Wreturn-type -Wnon-virtual-dtor -Waddress -Wsequence-point -Wformat -Wformat-security -Winit-self -Wpointer-arith -Wuninitialized -Wsuggest-override -Wno-delete-non-virtual-dtor -Wno-comment -Wimplicit-fallthrough=3 -Wno-strict-overflow -fdiagnostics-show-option -Wno-long-long -pthread -fomit-frame-pointer -ffunction-sections -fdata-sections  -msse -msse2 -msse3 -fvisibility=hidden -fvisibility-inlines-hidden -Wno-deprecated -Wno-missing-declarations -Wno-shadow -Wno-unused-parameter -Wno-unused-local-typedefs -Wno-sign-compare -Wno-sign-promo -Wno-undef -Wno-ignored-qualifiers -Wno-extra -Wno-unused-function -Wno-unused-const-variable -Wno-invalid-offsetof  -O3 -DNDEBUG  -DNDEBUG    -Wl,--gc-sections -Wl,--as-needed -Wl,--no-undefined  CMakeFiles/cmTC_6f6f7.dir/src.cxx.o  -o cmTC_6f6f7 
make[1]: Leaving directory '/home/mantaray/AUV/simulation/image_capture/build/CMakeFiles/CMakeTmp'

===== END =====

Build output check failed:
    Regex: 'unrecognized .*option'
    Output line: 'cc1plus: warning: unrecognized command line option ‘-Wno-inconsistent-missing-override’'
Compilation failed:
    source file: '/home/mantaray/AUV/simulation/image_capture/build/CMakeFiles/CMakeTmp/src.cxx'
    check option: ' -Wno-inconsistent-missing-override'
===== BUILD LOG =====
Change Dir: /home/mantaray/AUV/simulation/image_capture/build/CMakeFiles/CMakeTmp

Run Build Command:"/usr/bin/make" "cmTC_ba621/fast"
/usr/bin/make -f CMakeFiles/cmTC_ba621.dir/build.make CMakeFiles/cmTC_ba621.dir/build
make[1]: Entering directory '/home/mantaray/AUV/simulation/image_capture/build/CMakeFiles/CMakeTmp'
Building CXX object CMakeFiles/cmTC_ba621.dir/src.cxx.o
/usr/bin/c++    -fsigned-char -W -Wall -Wreturn-type -Wnon-virtual-dtor -Waddress -Wsequence-point -Wformat -Wformat-security -Winit-self -Wpointer-arith -Wuninitialized -Wno-delete-non-virtual-dtor -Wno-comment -Wimplicit-fallthrough=3 -Wno-strict-overflow -fdiagnostics-show-option -Wno-long-long -pthread -fomit-frame-pointer -ffunction-sections -fdata-sections  -msse -msse2 -msse3 -fvisibility=hidden -fvisibility-inlines-hidden -Wno-deprecated -Wno-missing-declarations -Wno-shadow -Wno-unused-parameter -Wno-unused-local-typedefs -Wno-sign-compare -Wno-sign-promo -Wno-undef -Wno-ignored-qualifiers -Wno-extra -Wno-unused-function -Wno-unused-const-variable -Wno-invalid-offsetof -Wno-suggest-override  -O3 -DNDEBUG  -DNDEBUG -fPIE   -Wno-inconsistent-missing-override -std=c++11 -o CMakeFiles/cmTC_ba621.dir/src.cxx.o -c /home/mantaray/AUV/simulation/image_capture/build/CMakeFiles/CMakeTmp/src.cxx
/home/mantaray/AUV/simulation/image_capture/build/CMakeFiles/CMakeTmp/src.cxx:1:0: warning: ignoring #pragma   [-Wunknown-pragmas]
 #pragma
 
cc1plus: warning: unrecognized command line option ‘-Wno-inconsistent-missing-override’
Linking CXX executable cmTC_ba621
/usr/bin/cmake -E cmake_link_script CMakeFiles/cmTC_ba621.dir/link.txt --verbose=1
/usr/bin/c++     -fsigned-char -W -Wall -Wreturn-type -Wnon-virtual-dtor -Waddress -Wsequence-point -Wformat -Wformat-security -Winit-self -Wpointer-arith -Wuninitialized -Wno-delete-non-virtual-dtor -Wno-comment -Wimplicit-fallthrough=3 -Wno-strict-overflow -fdiagnostics-show-option -Wno-long-long -pthread -fomit-frame-pointer -ffunction-sections -fdata-sections  -msse -msse2 -msse3 -fvisibility=hidden -fvisibility-inlines-hidden -Wno-deprecated -Wno-missing-declarations -Wno-shadow -Wno-unused-parameter -Wno-unused-local-typedefs -Wno-sign-compare -Wno-sign-promo -Wno-undef -Wno-ignored-qualifiers -Wno-extra -Wno-unused-function -Wno-unused-const-variable -Wno-invalid-offsetof -Wno-suggest-override  -O3 -DNDEBUG  -DNDEBUG    -Wl,--gc-sections -Wl,--as-needed -Wl,--no-undefined  CMakeFiles/cmTC_ba621.dir/src.cxx.o  -o cmTC_ba621 
make[1]: Leaving directory '/home/mantaray/AUV/simulation/image_capture/build/CMakeFiles/CMakeTmp'

===== END =====

Determining if the include file sys/videoio.h exists failed with the following output:
Change Dir: /home/mantaray/AUV/simulation/image_capture/build/CMakeFiles/CMakeTmp

Run Build Command:"/usr/bin/make" "cmTC_7d460/fast"
/usr/bin/make -f CMakeFiles/cmTC_7d460.dir/build.make CMakeFiles/cmTC_7d460.dir/build
make[1]: Entering directory '/home/mantaray/AUV/simulation/image_capture/build/CMakeFiles/CMakeTmp'
Building C object CMakeFiles/cmTC_7d460.dir/CheckIncludeFile.c.o
/usr/bin/cc   -fsigned-char -W -Wall -Wreturn-type -Waddress -Wsequence-point -Wformat -Wformat-security -Wmissing-declarations -Wmissing-prototypes -Wstrict-prototypes -Wundef -Winit-self -Wpointer-arith -Wshadow -Wuninitialized -Wno-comment -Wimplicit-fallthrough=3 -Wno-strict-overflow -fdiagnostics-show-option -Wno-long-long -pthread -fomit-frame-pointer -ffunction-sections -fdata-sections  -msse -msse2 -msse3 -fvisibility=hidden  -O3 -DNDEBUG  -DNDEBUG -fPIE   -o CMakeFiles/cmTC_7d460.dir/CheckIncludeFile.c.o   -c /home/mantaray/AUV/simulation/image_capture/build/CMakeFiles/CMakeTmp/CheckIncludeFile.c
/home/mantaray/AUV/simulation/image_capture/build/CMakeFiles/CMakeTmp/CheckIncludeFile.c:1:10: fatal error: sys/videoio.h: No such file or directory
 #include <sys/videoio.h>
          ^~~~~~~~~~~~~~~
compilation terminated.
CMakeFiles/cmTC_7d460.dir/build.make:65: recipe for target 'CMakeFiles/cmTC_7d460.dir/CheckIncludeFile.c.o' failed
make[1]: *** [CMakeFiles/cmTC_7d460.dir/CheckIncludeFile.c.o] Error 1
make[1]: Leaving directory '/home/mantaray/AUV/simulation/image_capture/build/CMakeFiles/CMakeTmp'
Makefile:126: recipe for target 'cmTC_7d460/fast' failed
make: *** [cmTC_7d460/fast] Error 2


Build output check failed:
    Regex: 'unrecognized .*option'
    Output line: 'cc1plus: warning: unrecognized command line option ‘-Wno-unused-private-field’'
Compilation failed:
    source file: '/home/mantaray/AUV/simulation/image_capture/build/CMakeFiles/CMakeTmp/src.cxx'
    check option: ' -Wno-unused-private-field'
===== BUILD LOG =====
Change Dir: /home/mantaray/AUV/simulation/image_capture/build/CMakeFiles/CMakeTmp

Run Build Command:"/usr/bin/make" "cmTC_d2660/fast"
/usr/bin/make -f CMakeFiles/cmTC_d2660.dir/build.make CMakeFiles/cmTC_d2660.dir/build
make[1]: Entering directory '/home/mantaray/AUV/simulation/image_capture/build/CMakeFiles/CMakeTmp'
Building CXX object CMakeFiles/cmTC_d2660.dir/src.cxx.o
/usr/bin/c++    -fsigned-char -W -Wall -Wreturn-type -Wnon-virtual-dtor -Waddress -Wsequence-point -Wformat -Wformat-security -Wmissing-declarations -Wundef -Winit-self -Wpointer-arith -Wshadow -Wsign-promo -Wuninitialized -Wsuggest-override -Wno-delete-non-virtual-dtor -Wno-comment -Wimplicit-fallthrough=3 -Wno-strict-overflow -fdiagnostics-show-option -Wno-long-long -pthread -fomit-frame-pointer -ffunction-sections -fdata-sections  -msse -msse2 -msse3 -fvisibility=hidden -fvisibility-inlines-hidden -Wno-unused-function -Wno-deprecated-declarations -Wno-overloaded-virtual  -O3 -DNDEBUG  -DNDEBUG -fPIE   -Wno-unused-private-field -std=c++11 -o CMakeFiles/cmTC_d2660.dir/src.cxx.o -c /home/mantaray/AUV/simulation/image_capture/build/CMakeFiles/CMakeTmp/src.cxx
/home/mantaray/AUV/simulation/image_capture/build/CMakeFiles/CMakeTmp/src.cxx:1:0: warning: ignoring #pragma   [-Wunknown-pragmas]
 #pragma
 
cc1plus: warning: unrecognized command line option ‘-Wno-unused-private-field’
Linking CXX executable cmTC_d2660
/usr/bin/cmake -E cmake_link_script CMakeFiles/cmTC_d2660.dir/link.txt --verbose=1
/usr/bin/c++     -fsigned-char -W -Wall -Wreturn-type -Wnon-virtual-dtor -Waddress -Wsequence-point -Wformat -Wformat-security -Wmissing-declarations -Wundef -Winit-self -Wpointer-arith -Wshadow -Wsign-promo -Wuninitialized -Wsuggest-override -Wno-delete-non-virtual-dtor -Wno-comment -Wimplicit-fallthrough=3 -Wno-strict-overflow -fdiagnostics-show-option -Wno-long-long -pthread -fomit-frame-pointer -ffunction-sections -fdata-sections  -msse -msse2 -msse3 -fvisibility=hidden -fvisibility-inlines-hidden -Wno-unused-function -Wno-deprecated-declarations -Wno-overloaded-virtual  -O3 -DNDEBUG  -DNDEBUG    -Wl,--gc-sections -Wl,--as-needed -Wl,--no-undefined  CMakeFiles/cmTC_d2660.dir/src.cxx.o  -o cmTC_d2660 
make[1]: Leaving directory '/home/mantaray/AUV/simulation/image_capture/build/CMakeFiles/CMakeTmp'

===== END =====

